Using pre-set license
Built from '2021.1/release' branch; Version is '2021.1.0f1 (61a549675243) revision 6399305'; Using compiler version '192528614'; Build Type 'Release'
OS: 'Windows 10 Pro; OS build 19043.1415; Version 2009; 64bit' Language: 'en' Physical Memory: 8103 MB
BatchMode: 1, IsHumanControllingUs: 0, StartBugReporterOnCrash: 0, Is64bit: 1, IsPro: 0

 COMMAND LINE ARGUMENTS:
C:\Program Files\Unity\Hub\Editor\2021.1.0f1\Editor\Unity.exe
-adb2
-batchMode
-noUpm
-name
AssetImportWorker0
-projectPath
D:/projects/galaxy shooter
-logFile
Logs/AssetImportWorker0.log
-srvPort
62989
Successfully changed project path to: D:/projects/galaxy shooter
D:/projects/galaxy shooter
Using Asset Import Pipeline V2.
Refreshing native plugins compatible for Editor in 112.66 ms, found 0 plugins.
Preloading 0 native plugins for Editor in 0.00 ms.
Initialize engine version: 2021.1.0f1 (61a549675243)
[Subsystems] Discovering subsystems at path C:/Program Files/Unity/Hub/Editor/2021.1.0f1/Editor/Data/Resources/UnitySubsystems
[Subsystems] Discovering subsystems at path D:/projects/galaxy shooter/Assets
GfxDevice: creating device client; threaded=0; jobified=0
Direct3D:
    Version:  Direct3D 11.0 [level 11.0]
    Renderer: NVIDIA GeForce 840M (ID=0x1341)
    Vendor:   NVIDIA
    VRAM:     2010 MB
    Driver:   30.0.14.7111
Initialize mono
Mono path[0] = 'C:/Program Files/Unity/Hub/Editor/2021.1.0f1/Editor/Data/Managed'
Mono path[1] = 'C:/Program Files/Unity/Hub/Editor/2021.1.0f1/Editor/Data/MonoBleedingEdge/lib/mono/unityjit'
Mono config path = 'C:/Program Files/Unity/Hub/Editor/2021.1.0f1/Editor/Data/MonoBleedingEdge/etc'
Using monoOptions --debugger-agent=transport=dt_socket,embedding=1,server=y,suspend=n,address=127.0.0.1:56296
Begin MonoManager ReloadAssembly
Registering precompiled unity dll's ...
Register platform support module: C:/Program Files/Unity/Hub/Editor/2021.1.0f1/Editor/Data/PlaybackEngines/WindowsStandaloneSupport/UnityEditor.WindowsStandalone.Extensions.dll
Registered in 0.002750 seconds.
Native extension for WindowsStandalone target not found
Refreshing native plugins compatible for Editor in 87.97 ms, found 0 plugins.
Preloading 0 native plugins for Editor in 0.00 ms.
Mono: successfully reloaded assembly
- Completed reload, in  1.949 seconds
Platform modules already initialized, skipping
Registering precompiled user dll's ...
Registered in 0.000994 seconds.
Begin MonoManager ReloadAssembly
Native extension for WindowsStandalone target not found
Refreshing native plugins compatible for Editor in 0.38 ms, found 0 plugins.
Preloading 0 native plugins for Editor in 0.00 ms.
Mono: successfully reloaded assembly
- Completed reload, in  1.288 seconds
Platform modules already initialized, skipping
========================================================================
Worker process is ready to serve import requests
Launched and connected shader compiler UnityShaderCompiler.exe after 0.10 seconds
Refreshing native plugins compatible for Editor in 0.46 ms, found 0 plugins.
Preloading 0 native plugins for Editor in 0.00 ms.
Unloading 1204 Unused Serialized files (Serialized files now loaded: 0)
System memory in use before: 60.6 MB.
System memory in use after: 60.6 MB.

Unloading 13 unused Assets to reduce memory usage. Loaded Objects now: 1663.
Total: 4.257700 ms (FindLiveObjects: 0.271900 ms CreateObjectMapping: 0.181300 ms MarkObjects: 3.706000 ms  DeleteObjects: 0.096500 ms)

========================================================================
Received Import Request.
  path: Assets/fighter-plane-sprite-png-19.png
  artifactKey: Guid(698a42495b419db4086b121db1d5311f) Importer(815301076,1909f56bfc062723c751e8b465ee728b)
Start importing Assets/fighter-plane-sprite-png-19.png using Guid(698a42495b419db4086b121db1d5311f) Importer(815301076,1909f56bfc062723c751e8b465ee728b)  -> (artifact id: '93f13fdf2e3943d1a824dc7b57ef6fa7') in 0.238427 seconds 
========================================================================
Received Import Request.
  Time since last request: 0.000573 seconds.
  path: Assets/bullets_PNG35544.png
  artifactKey: Guid(924692a0d6e5075469a845eb79399335) Importer(815301076,1909f56bfc062723c751e8b465ee728b)
Start importing Assets/bullets_PNG35544.png using Guid(924692a0d6e5075469a845eb79399335) Importer(815301076,1909f56bfc062723c751e8b465ee728b)  -> (artifact id: '03140a41bed372bbdc60c4dc8a066f06') in 0.058983 seconds 
========================================================================
Received Import Request.
  Time since last request: 0.000255 seconds.
  path: Assets/enemy.prefab
  artifactKey: Guid(dfd4c8a1cbcf7074d8409a2f9f4b283c) Importer(815301076,1909f56bfc062723c751e8b465ee728b)
Start importing Assets/enemy.prefab using Guid(dfd4c8a1cbcf7074d8409a2f9f4b283c) Importer(815301076,1909f56bfc062723c751e8b465ee728b)  -> (artifact id: 'a53cf6255e2bb4f016b7be33274bddcc') in 0.077207 seconds 
========================================================================
Received Import Request.
  Time since last request: 0.000214 seconds.
  path: Assets/bullet.prefab
  artifactKey: Guid(eb1019ce6f0636c47a34ca2045872b5d) Importer(815301076,1909f56bfc062723c751e8b465ee728b)
Start importing Assets/bullet.prefab using Guid(eb1019ce6f0636c47a34ca2045872b5d) Importer(815301076,1909f56bfc062723c751e8b465ee728b)  -> (artifact id: 'bdae73b9551be69cdeee316b49965cef') in 0.039985 seconds 
========================================================================
Received Import Request.
  Time since last request: 0.000335 seconds.
  path: Assets/space-ship-sprite-png.png
  artifactKey: Guid(a71e6d43e11900e468a4f9f601e22a6c) Importer(815301076,1909f56bfc062723c751e8b465ee728b)
Start importing Assets/space-ship-sprite-png.png using Guid(a71e6d43e11900e468a4f9f601e22a6c) Importer(815301076,1909f56bfc062723c751e8b465ee728b)  -> (artifact id: '9567b101638bef2536cbc0d064db77b9') in 0.050537 seconds 
========================================================================
Received Prepare
Registering precompiled user dll's ...
Registered in 0.001127 seconds.
Begin MonoManager ReloadAssembly
Native extension for WindowsStandalone target not found
Refreshing native plugins compatible for Editor in 0.25 ms, found 0 plugins.
Preloading 0 native plugins for Editor in 0.00 ms.
Mono: successfully reloaded assembly
- Completed reload, in  1.355 seconds
Platform modules already initialized, skipping
Refreshing native plugins compatible for Editor in 0.35 ms, found 0 plugins.
Preloading 0 native plugins for Editor in 0.00 ms.
Unloading 1202 Unused Serialized files (Serialized files now loaded: 0)
System memory in use before: 71.4 MB.
System memory in use after: 71.5 MB.

Unloading 4 unused Assets to reduce memory usage. Loaded Objects now: 1722.
Total: 4.479700 ms (FindLiveObjects: 0.279400 ms CreateObjectMapping: 0.095900 ms MarkObjects: 4.070300 ms  DeleteObjects: 0.030100 ms)

========================================================================
Received Import Request.
  Time since last request: 157.487630 seconds.
  path: Assets/bulletmovement.cs
  artifactKey: Guid(0136ae82b7c9ded4c9f817c4889bb9b5) Importer(815301076,1909f56bfc062723c751e8b465ee728b)
Start importing Assets/bulletmovement.cs using Guid(0136ae82b7c9ded4c9f817c4889bb9b5) Importer(815301076,1909f56bfc062723c751e8b465ee728b)  -> (artifact id: 'e450dfc40154e6c0dae3ff7e81b0929c') in 0.017837 seconds 
========================================================================
Received Import Request.
  Time since last request: 283.424771 seconds.
  path: Assets/bulletmovement.cs
  artifactKey: Guid(0136ae82b7c9ded4c9f817c4889bb9b5) Importer(815301076,1909f56bfc062723c751e8b465ee728b)
Start importing Assets/bulletmovement.cs using Guid(0136ae82b7c9ded4c9f817c4889bb9b5) Importer(815301076,1909f56bfc062723c751e8b465ee728b)  -> (artifact id: '280e9c8f19d0ececf3688f52153c4996') in 0.005486 seconds 
========================================================================
Received Prepare
Registering precompiled user dll's ...
Registered in 0.000635 seconds.
Begin MonoManager ReloadAssembly
Native extension for WindowsStandalone target not found
Refreshing native plugins compatible for Editor in 0.25 ms, found 0 plugins.
Preloading 0 native plugins for Editor in 0.00 ms.
Mono: successfully reloaded assembly
- Completed reload, in  1.318 seconds
Platform modules already initialized, skipping
Refreshing native plugins compatible for Editor in 0.29 ms, found 0 plugins.
Preloading 0 native plugins for Editor in 0.00 ms.
Unloading 1199 Unused Serialized files (Serialized files now loaded: 0)
System memory in use before: 71.3 MB.
System memory in use after: 71.4 MB.

Unloading 4 unused Assets to reduce memory usage. Loaded Objects now: 1725.
Total: 2.441200 ms (FindLiveObjects: 0.270900 ms CreateObjectMapping: 0.053900 ms MarkObjects: 2.090300 ms  DeleteObjects: 0.024300 ms)

========================================================================
Received Import Request.
  Time since last request: 26.284047 seconds.
  path: Assets/enemymovement.cs
  artifactKey: Guid(6a55c6f27ef288d4dbdda2bc07ed90ac) Importer(815301076,1909f56bfc062723c751e8b465ee728b)
Start importing Assets/enemymovement.cs using Guid(6a55c6f27ef288d4dbdda2bc07ed90ac) Importer(815301076,1909f56bfc062723c751e8b465ee728b)  -> (artifact id: '95b7bb0873a94a8c610ac1d57e7e087b') in 0.016342 seconds 
========================================================================
Received Prepare
Registering precompiled user dll's ...
Registered in 0.000607 seconds.
Begin MonoManager ReloadAssembly
Native extension for WindowsStandalone target not found
Refreshing native plugins compatible for Editor in 0.24 ms, found 0 plugins.
Preloading 0 native plugins for Editor in 0.00 ms.
Mono: successfully reloaded assembly
- Completed reload, in  1.163 seconds
Platform modules already initialized, skipping
Refreshing native plugins compatible for Editor in 0.27 ms, found 0 plugins.
Preloading 0 native plugins for Editor in 0.00 ms.
Unloading 1199 Unused Serialized files (Serialized files now loaded: 0)
System memory in use before: 71.3 MB.
System memory in use after: 71.4 MB.

Unloading 4 unused Assets to reduce memory usage. Loaded Objects now: 1728.
Total: 2.755100 ms (FindLiveObjects: 0.203000 ms CreateObjectMapping: 0.045700 ms MarkObjects: 2.479200 ms  DeleteObjects: 0.025400 ms)

========================================================================
Received Import Request.
  Time since last request: 11.047789 seconds.
  path: Assets/enemymovement.cs
  artifactKey: Guid(6a55c6f27ef288d4dbdda2bc07ed90ac) Importer(815301076,1909f56bfc062723c751e8b465ee728b)
Start importing Assets/enemymovement.cs using Guid(6a55c6f27ef288d4dbdda2bc07ed90ac) Importer(815301076,1909f56bfc062723c751e8b465ee728b)  -> (artifact id: 'aea1e01b07f68fe98b6c01aed98ae5f0') in 0.004743 seconds 
========================================================================
Received Prepare
Registering precompiled user dll's ...
Registered in 0.000809 seconds.
Begin MonoManager ReloadAssembly
Native extension for WindowsStandalone target not found
Refreshing native plugins compatible for Editor in 0.41 ms, found 0 plugins.
Preloading 0 native plugins for Editor in 0.00 ms.
Mono: successfully reloaded assembly
- Completed reload, in  1.285 seconds
Platform modules already initialized, skipping
Refreshing native plugins compatible for Editor in 0.26 ms, found 0 plugins.
Preloading 0 native plugins for Editor in 0.00 ms.
Unloading 1199 Unused Serialized files (Serialized files now loaded: 0)
System memory in use before: 71.3 MB.
System memory in use after: 71.4 MB.

Unloading 4 unused Assets to reduce memory usage. Loaded Objects now: 1731.
Total: 2.483100 ms (FindLiveObjects: 0.278300 ms CreateObjectMapping: 0.083700 ms MarkObjects: 2.103100 ms  DeleteObjects: 0.016000 ms)

========================================================================
Received Prepare
Registering precompiled user dll's ...
Registered in 0.000656 seconds.
Begin MonoManager ReloadAssembly
Native extension for WindowsStandalone target not found
Refreshing native plugins compatible for Editor in 0.24 ms, found 0 plugins.
Preloading 0 native plugins for Editor in 0.00 ms.
Mono: successfully reloaded assembly
- Completed reload, in  1.141 seconds
Platform modules already initialized, skipping
Refreshing native plugins compatible for Editor in 0.35 ms, found 0 plugins.
Preloading 0 native plugins for Editor in 0.00 ms.
Unloading 1199 Unused Serialized files (Serialized files now loaded: 0)
System memory in use before: 71.3 MB.
System memory in use after: 71.4 MB.

Unloading 4 unused Assets to reduce memory usage. Loaded Objects now: 1734.
Total: 4.013000 ms (FindLiveObjects: 0.226300 ms CreateObjectMapping: 0.544700 ms MarkObjects: 3.223400 ms  DeleteObjects: 0.016700 ms)

========================================================================
Received Import Request.
  Time since last request: 184.522449 seconds.
  path: Assets
  artifactKey: Guid(00000000000000001000000000000000) Importer(815301076,1909f56bfc062723c751e8b465ee728b)
Start importing Assets using Guid(00000000000000001000000000000000) Importer(815301076,1909f56bfc062723c751e8b465ee728b)  -> (artifact id: 'c1e3b0d4d28e3570eb9237b2a8027d38') in 0.020811 seconds 
========================================================================
Received Import Request.
  Time since last request: 16.382681 seconds.
  path: Assets/Square.png
  artifactKey: Guid(9245030e96692814fabc2908b606ea1f) Importer(815301076,1909f56bfc062723c751e8b465ee728b)
Start importing Assets/Square.png using Guid(9245030e96692814fabc2908b606ea1f) Importer(815301076,1909f56bfc062723c751e8b465ee728b)  -> (artifact id: '4c1def0c49bee067127dcfb50baaffbc') in 0.077346 seconds 
========================================================================
Received Import Request.
  Time since last request: 27.803354 seconds.
  path: Assets/NewBehaviourScript.cs
  artifactKey: Guid(7063d53e1068d8a48b30bd04ea4a10ff) Importer(815301076,1909f56bfc062723c751e8b465ee728b)
Start importing Assets/NewBehaviourScript.cs using Guid(7063d53e1068d8a48b30bd04ea4a10ff) Importer(815301076,1909f56bfc062723c751e8b465ee728b)  -> (artifact id: 'a95f9b7b69ad6388d0c392141ef6e1de') in 0.011297 seconds 
========================================================================
Received Prepare
Registering precompiled user dll's ...
Registered in 0.000898 seconds.
Begin MonoManager ReloadAssembly
Native extension for WindowsStandalone target not found
Refreshing native plugins compatible for Editor in 0.34 ms, found 0 plugins.
Preloading 0 native plugins for Editor in 0.00 ms.
Mono: successfully reloaded assembly
- Completed reload, in  1.339 seconds
Platform modules already initialized, skipping
Refreshing native plugins compatible for Editor in 0.34 ms, found 0 plugins.
Preloading 0 native plugins for Editor in 0.00 ms.
Unloading 1200 Unused Serialized files (Serialized files now loaded: 0)
System memory in use before: 71.8 MB.
System memory in use after: 71.9 MB.

Unloading 4 unused Assets to reduce memory usage. Loaded Objects now: 1753.
Total: 3.907900 ms (FindLiveObjects: 0.779900 ms CreateObjectMapping: 0.048000 ms MarkObjects: 3.058300 ms  DeleteObjects: 0.019400 ms)

========================================================================
Received Import Request.
  Time since last request: 31.154733 seconds.
  path: Assets/playermovement.cs
  artifactKey: Guid(b9f9749317c82484892af27efcca3d73) Importer(815301076,1909f56bfc062723c751e8b465ee728b)
Start importing Assets/playermovement.cs using Guid(b9f9749317c82484892af27efcca3d73) Importer(815301076,1909f56bfc062723c751e8b465ee728b)  -> (artifact id: '7152a6983d50d637106298bd07862628') in 0.015391 seconds 
========================================================================
Received Import Request.
  Time since last request: 93.080603 seconds.
  path: Assets/spawnenemy.cs
  artifactKey: Guid(00862322a8cd8034e8351ce359d244fc) Importer(815301076,1909f56bfc062723c751e8b465ee728b)
Start importing Assets/spawnenemy.cs using Guid(00862322a8cd8034e8351ce359d244fc) Importer(815301076,1909f56bfc062723c751e8b465ee728b)  -> (artifact id: '9f0eec07b0cfe44007f77ff6b478832b') in 0.015246 seconds 
========================================================================
Received Prepare
Registering precompiled user dll's ...
Registered in 0.001022 seconds.
Begin MonoManager ReloadAssembly
Native extension for WindowsStandalone target not found
Refreshing native plugins compatible for Editor in 0.38 ms, found 0 plugins.
Preloading 0 native plugins for Editor in 0.00 ms.
Mono: successfully reloaded assembly
- Completed reload, in  1.378 seconds
Platform modules already initialized, skipping
Refreshing native plugins compatible for Editor in 0.34 ms, found 0 plugins.
Preloading 0 native plugins for Editor in 0.00 ms.
Unloading 1200 Unused Serialized files (Serialized files now loaded: 0)
System memory in use before: 71.8 MB.
System memory in use after: 71.9 MB.

Unloading 4 unused Assets to reduce memory usage. Loaded Objects now: 1756.
Total: 3.200600 ms (FindLiveObjects: 0.232500 ms CreateObjectMapping: 0.063200 ms MarkObjects: 2.876200 ms  DeleteObjects: 0.026800 ms)

========================================================================
Received Prepare
Registering precompiled user dll's ...
Registered in 0.000854 seconds.
Begin MonoManager ReloadAssembly
Native extension for WindowsStandalone target not found
Refreshing native plugins compatible for Editor in 0.22 ms, found 0 plugins.
Preloading 0 native plugins for Editor in 0.00 ms.
Mono: successfully reloaded assembly
- Completed reload, in  1.154 seconds
Platform modules already initialized, skipping
Refreshing native plugins compatible for Editor in 0.26 ms, found 0 plugins.
Preloading 0 native plugins for Editor in 0.00 ms.
Unloading 1200 Unused Serialized files (Serialized files now loaded: 0)
System memory in use before: 71.8 MB.
System memory in use after: 71.9 MB.

Unloading 4 unused Assets to reduce memory usage. Loaded Objects now: 1759.
Total: 2.949800 ms (FindLiveObjects: 0.155000 ms CreateObjectMapping: 0.044600 ms MarkObjects: 2.716900 ms  DeleteObjects: 0.031600 ms)

========================================================================
Received Import Request.
  Time since last request: 716.213570 seconds.
  path: Assets/enemy.prefab
  artifactKey: Guid(dfd4c8a1cbcf7074d8409a2f9f4b283c) Importer(815301076,1909f56bfc062723c751e8b465ee728b)
Start importing Assets/enemy.prefab using Guid(dfd4c8a1cbcf7074d8409a2f9f4b283c) Importer(815301076,1909f56bfc062723c751e8b465ee728b)  -> (artifact id: '04a673f593b5a96bd2b8103ed056aa95') in 0.096091 seconds 
========================================================================
Received Import Request.
  Time since last request: 0.000286 seconds.
  path: ProjectSettings/TagManager.asset
  artifactKey: Guid(00000000000000003000000000000000) Importer(815301076,1909f56bfc062723c751e8b465ee728b)
Start importing ProjectSettings/TagManager.asset using Guid(00000000000000003000000000000000) Importer(815301076,1909f56bfc062723c751e8b465ee728b)  -> (artifact id: '8465fe4d6c9ce6d2210ef7dbafb202c1') in 0.017832 seconds 
========================================================================
Received Prepare
Registering precompiled user dll's ...
Registered in 0.000919 seconds.
Begin MonoManager ReloadAssembly
Native extension for WindowsStandalone target not found
Refreshing native plugins compatible for Editor in 0.27 ms, found 0 plugins.
Preloading 0 native plugins for Editor in 0.00 ms.
Mono: successfully reloaded assembly
- Completed reload, in  1.510 seconds
Platform modules already initialized, skipping
Refreshing native plugins compatible for Editor in 0.25 ms, found 0 plugins.
Preloading 0 native plugins for Editor in 0.00 ms.
Unloading 1199 Unused Serialized files (Serialized files now loaded: 0)
System memory in use before: 71.8 MB.
System memory in use after: 71.9 MB.

Unloading 5 unused Assets to reduce memory usage. Loaded Objects now: 1763.
Total: 2.894800 ms (FindLiveObjects: 0.159300 ms CreateObjectMapping: 0.051800 ms MarkObjects: 2.656200 ms  DeleteObjects: 0.025800 ms)

AssetImportWorkerClient::OnTransportError - code=2 error=End of file
